<?xml version="1.0" encoding="UTF-8"?>
<!-- Generated by org.testng.reporters.JUnitReportReporter -->
<testsuite skipped="0" hostname="Vinod" name="pack1.Guru99TakeScreenshot" tests="1" failures="0" timestamp="12 Sep 2018 12:15:39 GMT" time="21.346" errors="0">
  <testcase name="testGuru99TakeScreenShot" time="21.346" classname="pack1.Guru99TakeScreenshot"/>
</testsuite> <!-- pack1.Guru99TakeScreenshot -->
